SDK for Node.js(TM) (ibm-node.js-6.10.2, buildpack-v3.12-20170505-0656)

-----> IBM SDK for Node.js Buildpack v3.12-20170505-0656
       Based on Cloud Foundry Node.js Buildpack v1.5.24

-----> Creating runtime environment
       
       NPM_CONFIG_LOGLEVEL=error
       NPM_CONFIG_PRODUCTION=true
       NODE_ENV=production
       NODE_MODULES_CACHE=true

-----> Installing binaries
       engines.node (package.json):  unspecified
       engines.npm (package.json):   unspecified (use default)
       
       Resolving node version (latest stable) via 'node-version-resolver'
       Installing IBM SDK for Node.js (6.10.2) from cache
       Using default npm version: 3.10.10

-----> Restoring cache
       Loading 2 from cacheDirectories (default):
       - node_modules (exists - skipping)
       - bower_components (not cached - skipping)

-----> Building dependencies
       Prebuild detected (node_modules already exists)
       Rebuilding any native modules
       express@4.14.0 /tmp/app/node_modules/express
       accepts@1.3.3 /tmp/app/node_modules/express/node_modules/accepts
       mime-types@2.1.13 /tmp/app/node_modules/express/node_modules/accepts/node_modules/mime-types
       mime-db@1.25.0 /tmp/app/node_modules/express/node_modules/accepts/node_modules/mime-types/node_modules/mime-db
       negotiator@0.6.1 /tmp/app/node_modules/express/node_modules/accepts/node_modules/negotiator
       array-flatten@1.1.1 /tmp/app/node_modules/express/node_modules/array-flatten
       content-disposition@0.5.1 /tmp/app/node_modules/express/node_modules/content-disposition
       content-type@1.0.2 /tmp/app/node_modules/express/node_modules/content-type
       cookie@0.3.1 /tmp/app/node_modules/express/node_modules/cookie
       cookie-signature@1.0.6 /tmp/app/node_modules/express/node_modules/cookie-signature
       debug@2.2.0 /tmp/app/node_modules/express/node_modules/debug
       ms@0.7.1 /tmp/app/node_modules/express/node_modules/debug/node_modules/ms
       depd@1.1.0 /tmp/app/node_modules/express/node_modules/depd
       encodeurl@1.0.1 /tmp/app/node_modules/express/node_modules/encodeurl
       escape-html@1.0.3 /tmp/app/node_modules/express/node_modules/escape-html
       etag@1.7.0 /tmp/app/node_modules/express/node_modules/etag
       finalhandler@0.5.0 /tmp/app/node_modules/express/node_modules/finalhandler
       on-finished@2.3.0 /tmp/app/node_modules/express/node_modules/on-finished
       ee-first@1.1.1 /tmp/app/node_modules/express/node_modules/on-finished/node_modules/ee-first
       statuses@1.3.1 /tmp/app/node_modules/express/node_modules/finalhandler/node_modules/statuses
       unpipe@1.0.0 /tmp/app/node_modules/express/node_modules/finalhandler/node_modules/unpipe
       fresh@0.3.0 /tmp/app/node_modules/express/node_modules/fresh
       merge-descriptors@1.0.1 /tmp/app/node_modules/express/node_modules/merge-descriptors
       methods@1.1.2 /tmp/app/node_modules/express/node_modules/methods
       parseurl@1.3.1 /tmp/app/node_modules/express/node_modules/parseurl
       path-to-regexp@0.1.7 /tmp/app/node_modules/express/node_modules/path-to-regexp
       proxy-addr@1.1.2 /tmp/app/node_modules/express/node_modules/proxy-addr
       forwarded@0.1.0 /tmp/app/node_modules/express/node_modules/proxy-addr/node_modules/forwarded
       ipaddr.js@1.1.1 /tmp/app/node_modules/express/node_modules/proxy-addr/node_modules/ipaddr.js
       qs@6.2.0 /tmp/app/node_modules/express/node_modules/qs
       range-parser@1.2.0 /tmp/app/node_modules/express/node_modules/range-parser
       send@0.14.1 /tmp/app/node_modules/express/node_modules/send
       destroy@1.0.4 /tmp/app/node_modules/express/node_modules/send/node_modules/destroy
       http-errors@1.5.1 /tmp/app/node_modules/express/node_modules/send/node_modules/http-errors
       inherits@2.0.3 /tmp/app/node_modules/express/node_modules/send/node_modules/http-errors/node_modules/inherits
       setprototypeof@1.0.2 /tmp/app/node_modules/express/node_modules/send/node_modules/http-errors/node_modules/setprototypeof
       statuses@1.3.1 /tmp/app/node_modules/express/node_modules/send/node_modules/statuses
       mime@1.3.4 /tmp/app/node_modules/express/node_modules/send/node_modules/mime
       ms@0.7.1 /tmp/app/node_modules/express/node_modules/send/node_modules/ms
       serve-static@1.11.1 /tmp/app/node_modules/express/node_modules/serve-static
       type-is@1.6.14 /tmp/app/node_modules/express/node_modules/type-is
       media-typer@0.3.0 /tmp/app/node_modules/express/node_modules/type-is/node_modules/media-typer
       mime-types@2.1.13 /tmp/app/node_modules/express/node_modules/type-is/node_modules/mime-types
       mime-db@1.25.0 /tmp/app/node_modules/express/node_modules/type-is/node_modules/mime-types/node_modules/mime-db
       utils-merge@1.0.0 /tmp/app/node_modules/express/node_modules/utils-merge
       vary@1.1.0 /tmp/app/node_modules/express/node_modules/vary
       cors@2.8.3 /tmp/app/node_modules/cors
       object-assign@4.1.1 /tmp/app/node_modules/object-assign
       vary@1.1.1 /tmp/app/node_modules/vary
       Installing any new modules (package.json)

-----> Installing App Management

-----> Caching build
       Clearing previous node cache
       Saving 2 cacheDirectories (default):
       - node_modules
       - bower_components (nothing to cache)

-----> Build succeeded!
       └── express@4.14.0
       
